生成启动时间为 2023/8/30 11:00:29。
     1>项目“D:\桌面\c++\2023.8.30\2023.8.30\2023.8.30.vcxproj”在节点 2 上(build 个目标)。
     1>PrepareForBuild:
         正在创建目录“D:\桌面\c++\2023.8.30\Debug\”。
       InitializeBuildStatus:
         正在创建“Debug\2023.8.30.unsuccessfulbuild”，因为已指定“AlwaysCreate”。
       ClCompile:
         C:\Program Files (x86)\Microsoft Visual Studio 10.0\VC\bin\CL.exe /c /ZI /nologo /W3 /WX- /Od /Oy- /D _MBCS /Gm /EHsc /RTC1 /MDd /GS /fp:precise /Zc:wchar_t /Zc:forScope /Fo"Debug\\" /Fd"Debug\vc100.pdb" /Gd /TP /analyze- /errorReport:prompt xinxijiema.cpp
         xinxijiema.cpp
     1>d:\桌面\c++\2023.8.30\2023.8.30\xinxijiema.cpp(35): warning C4715: “readchar”: 不是所有的控件路径都返回值
       Link:
         C:\Program Files (x86)\Microsoft Visual Studio 10.0\VC\bin\link.exe /ERRORREPORT:PROMPT /OUT:"D:\桌面\c++\2023.8.30\Debug\2023.8.30.exe" /NOLOGO kernel32.lib user32.lib gdi32.lib winspool.lib comdlg32.lib advapi32.lib shell32.lib ole32.lib oleaut32.lib uuid.lib odbc32.lib odbccp32.lib /MANIFEST /ManifestFile:"Debug\2023.8.30.exe.intermediate.manifest" /MANIFESTUAC:"level='asInvoker' uiAccess='false'" /DEBUG /PDB:"D:\桌面\c++\2023.8.30\Debug\2023.8.30.pdb" /SUBSYSTEM:CONSOLE /TLBID:1 /DYNAMICBASE /NXCOMPAT /IMPLIB:"D:\桌面\c++\2023.8.30\Debug\2023.8.30.lib" /MACHINE:X86 Debug\xinxijiema.obj
         2023.8.30.vcxproj -> D:\桌面\c++\2023.8.30\Debug\2023.8.30.exe
       Manifest:
         C:\Program Files (x86)\Microsoft SDKs\Windows\v7.0A\bin\mt.exe /nologo /verbose /outputresource:"D:\桌面\c++\2023.8.30\Debug\2023.8.30.exe;#1" /manifest Debug\2023.8.30.exe.intermediate.manifest
       FinalizeBuildStatus:
         正在删除文件“Debug\2023.8.30.unsuccessfulbuild”。
         正在对“Debug\2023.8.30.lastbuildstate”执行 Touch 任务。
     1>已完成生成项目“D:\桌面\c++\2023.8.30\2023.8.30\2023.8.30.vcxproj”(build 个目标)的操作。

生成成功。

已用时间 00:00:00.85
