生成启动时间为 2023/8/15 11:33:23。
     1>项目“D:\桌面\c++\2023.8.15（1)\2023.8.15（1)\2023.8.15（1).vcxproj”在节点 2 上(build 个目标)。
     1>InitializeBuildStatus:
         正在对“Debug\2023.8.15（1).unsuccessfulbuild”执行 Touch 任务。
       ClCompile:
         C:\Program Files (x86)\Microsoft Visual Studio 10.0\VC\bin\CL.exe /c /ZI /nologo /W3 /WX- /Od /Oy- /D _UNICODE /D UNICODE /Gm /EHsc /RTC1 /MDd /GS /fp:precise /Zc:wchar_t /Zc:forScope /Fo"Debug\\" /Fd"Debug\vc100.pdb" /Gd /TC /analyze- /errorReport:prompt jcys.c
         jcys.c
     1>c:\program files (x86)\microsoft visual studio 10.0\vc\include\cstdio(38): error C2054: 在“using”之后应输入“(”
     1>c:\program files (x86)\microsoft visual studio 10.0\vc\include\cstdio(40): error C2061: 语法错误: 标识符“using”
     1>c:\program files (x86)\microsoft visual studio 10.0\vc\include\cstdio(40): error C2054: 在“using”之后应输入“(”
     1>c:\program files (x86)\microsoft visual studio 10.0\vc\include\cstdio(40): error C2061: 语法错误: 标识符“using”
     1>c:\program files (x86)\microsoft visual studio 10.0\vc\include\cstdio(41): error C2061: 语法错误: 标识符“clearerr”
     1>c:\program files (x86)\microsoft visual studio 10.0\vc\include\cstdio(41): error C2059: 语法错误:“;”
     1>c:\program files (x86)\microsoft visual studio 10.0\vc\include\cstdio(41): error C2061: 语法错误: 标识符“fclose”
     1>c:\program files (x86)\microsoft visual studio 10.0\vc\include\cstdio(41): error C2059: 语法错误:“;”
     1>c:\program files (x86)\microsoft visual studio 10.0\vc\include\cstdio(41): error C2061: 语法错误: 标识符“feof”
     1>c:\program files (x86)\microsoft visual studio 10.0\vc\include\cstdio(41): error C2059: 语法错误:“;”
     1>c:\program files (x86)\microsoft visual studio 10.0\vc\include\cstdio(42): error C2061: 语法错误: 标识符“ferror”
     1>c:\program files (x86)\microsoft visual studio 10.0\vc\include\cstdio(42): error C2059: 语法错误:“;”
     1>c:\program files (x86)\microsoft visual studio 10.0\vc\include\cstdio(42): error C2061: 语法错误: 标识符“fflush”
     1>c:\program files (x86)\microsoft visual studio 10.0\vc\include\cstdio(42): error C2059: 语法错误:“;”
     1>c:\program files (x86)\microsoft visual studio 10.0\vc\include\cstdio(42): error C2061: 语法错误: 标识符“fgetc”
     1>c:\program files (x86)\microsoft visual studio 10.0\vc\include\cstdio(42): error C2059: 语法错误:“;”
     1>c:\program files (x86)\microsoft visual studio 10.0\vc\include\cstdio(43): error C2061: 语法错误: 标识符“fgetpos”
     1>c:\program files (x86)\microsoft visual studio 10.0\vc\include\cstdio(43): error C2059: 语法错误:“;”
     1>c:\program files (x86)\microsoft visual studio 10.0\vc\include\cstdio(43): error C2061: 语法错误: 标识符“fgets”
     1>c:\program files (x86)\microsoft visual studio 10.0\vc\include\cstdio(43): error C2059: 语法错误:“;”
     1>c:\program files (x86)\microsoft visual studio 10.0\vc\include\cstdio(43): error C2061: 语法错误: 标识符“fopen”
     1>c:\program files (x86)\microsoft visual studio 10.0\vc\include\cstdio(43): error C2059: 语法错误:“;”
     1>c:\program files (x86)\microsoft visual studio 10.0\vc\include\cstdio(44): error C2061: 语法错误: 标识符“fprintf”
     1>c:\program files (x86)\microsoft visual studio 10.0\vc\include\cstdio(44): error C2059: 语法错误:“;”
     1>c:\program files (x86)\microsoft visual studio 10.0\vc\include\cstdio(44): error C2061: 语法错误: 标识符“fputc”
     1>c:\program files (x86)\microsoft visual studio 10.0\vc\include\cstdio(44): error C2059: 语法错误:“;”
     1>c:\program files (x86)\microsoft visual studio 10.0\vc\include\cstdio(44): error C2061: 语法错误: 标识符“fputs”
     1>c:\program files (x86)\microsoft visual studio 10.0\vc\include\cstdio(44): error C2059: 语法错误:“;”
     1>c:\program files (x86)\microsoft visual studio 10.0\vc\include\cstdio(45): error C2061: 语法错误: 标识符“fread”
     1>c:\program files (x86)\microsoft visual studio 10.0\vc\include\cstdio(45): error C2059: 语法错误:“;”
     1>c:\program files (x86)\microsoft visual studio 10.0\vc\include\cstdio(45): error C2061: 语法错误: 标识符“freopen”
     1>c:\program files (x86)\microsoft visual studio 10.0\vc\include\cstdio(45): error C2059: 语法错误:“;”
     1>c:\program files (x86)\microsoft visual studio 10.0\vc\include\cstdio(45): error C2061: 语法错误: 标识符“fscanf”
     1>c:\program files (x86)\microsoft visual studio 10.0\vc\include\cstdio(45): error C2059: 语法错误:“;”
     1>c:\program files (x86)\microsoft visual studio 10.0\vc\include\cstdio(46): error C2061: 语法错误: 标识符“fseek”
     1>c:\program files (x86)\microsoft visual studio 10.0\vc\include\cstdio(46): error C2059: 语法错误:“;”
     1>c:\program files (x86)\microsoft visual studio 10.0\vc\include\cstdio(46): error C2061: 语法错误: 标识符“fsetpos”
     1>c:\program files (x86)\microsoft visual studio 10.0\vc\include\cstdio(46): error C2059: 语法错误:“;”
     1>c:\program files (x86)\microsoft visual studio 10.0\vc\include\cstdio(46): error C2061: 语法错误: 标识符“ftell”
     1>c:\program files (x86)\microsoft visual studio 10.0\vc\include\cstdio(46): error C2059: 语法错误:“;”
     1>c:\program files (x86)\microsoft visual studio 10.0\vc\include\cstdio(47): error C2061: 语法错误: 标识符“fwrite”
     1>c:\program files (x86)\microsoft visual studio 10.0\vc\include\cstdio(47): error C2059: 语法错误:“;”
     1>c:\program files (x86)\microsoft visual studio 10.0\vc\include\cstdio(47): error C2061: 语法错误: 标识符“getc”
     1>c:\program files (x86)\microsoft visual studio 10.0\vc\include\cstdio(47): error C2059: 语法错误:“;”
     1>c:\program files (x86)\microsoft visual studio 10.0\vc\include\cstdio(47): error C2061: 语法错误: 标识符“getchar”
     1>c:\program files (x86)\microsoft visual studio 10.0\vc\include\cstdio(47): error C2059: 语法错误:“;”
     1>c:\program files (x86)\microsoft visual studio 10.0\vc\include\cstdio(48): error C2061: 语法错误: 标识符“gets”
     1>c:\program files (x86)\microsoft visual studio 10.0\vc\include\cstdio(48): error C2059: 语法错误:“;”
     1>c:\program files (x86)\microsoft visual studio 10.0\vc\include\cstdio(48): error C2061: 语法错误: 标识符“perror”
     1>c:\program files (x86)\microsoft visual studio 10.0\vc\include\cstdio(48): error C2059: 语法错误:“;”
     1>c:\program files (x86)\microsoft visual studio 10.0\vc\include\cstdio(49): error C2061: 语法错误: 标识符“putc”
     1>c:\program files (x86)\microsoft visual studio 10.0\vc\include\cstdio(49): error C2059: 语法错误:“;”
     1>c:\program files (x86)\microsoft visual studio 10.0\vc\include\cstdio(49): error C2061: 语法错误: 标识符“putchar”
     1>c:\program files (x86)\microsoft visual studio 10.0\vc\include\cstdio(49): error C2059: 语法错误:“;”
     1>c:\program files (x86)\microsoft visual studio 10.0\vc\include\cstdio(50): error C2061: 语法错误: 标识符“printf”
     1>c:\program files (x86)\microsoft visual studio 10.0\vc\include\cstdio(50): error C2059: 语法错误:“;”
     1>c:\program files (x86)\microsoft visual studio 10.0\vc\include\cstdio(50): error C2061: 语法错误: 标识符“puts”
     1>c:\program files (x86)\microsoft visual studio 10.0\vc\include\cstdio(50): error C2059: 语法错误:“;”
     1>c:\program files (x86)\microsoft visual studio 10.0\vc\include\cstdio(50): error C2061: 语法错误: 标识符“remove”
     1>c:\program files (x86)\microsoft visual studio 10.0\vc\include\cstdio(50): error C2059: 语法错误:“;”
     1>c:\program files (x86)\microsoft visual studio 10.0\vc\include\cstdio(51): error C2061: 语法错误: 标识符“rename”
     1>c:\program files (x86)\microsoft visual studio 10.0\vc\include\cstdio(51): error C2059: 语法错误:“;”
     1>c:\program files (x86)\microsoft visual studio 10.0\vc\include\cstdio(51): error C2061: 语法错误: 标识符“rewind”
     1>c:\program files (x86)\microsoft visual studio 10.0\vc\include\cstdio(51): error C2059: 语法错误:“;”
     1>c:\program files (x86)\microsoft visual studio 10.0\vc\include\cstdio(51): error C2061: 语法错误: 标识符“scanf”
     1>c:\program files (x86)\microsoft visual studio 10.0\vc\include\cstdio(51): error C2059: 语法错误:“;”
     1>c:\program files (x86)\microsoft visual studio 10.0\vc\include\cstdio(52): error C2061: 语法错误: 标识符“setbuf”
     1>c:\program files (x86)\microsoft visual studio 10.0\vc\include\cstdio(52): error C2059: 语法错误:“;”
     1>c:\program files (x86)\microsoft visual studio 10.0\vc\include\cstdio(52): error C2061: 语法错误: 标识符“setvbuf”
     1>c:\program files (x86)\microsoft visual studio 10.0\vc\include\cstdio(52): error C2059: 语法错误:“;”
     1>c:\program files (x86)\microsoft visual studio 10.0\vc\include\cstdio(52): error C2061: 语法错误: 标识符“sprintf”
     1>c:\program files (x86)\microsoft visual studio 10.0\vc\include\cstdio(52): error C2059: 语法错误:“;”
     1>c:\program files (x86)\microsoft visual studio 10.0\vc\include\cstdio(53): error C2061: 语法错误: 标识符“sscanf”
     1>c:\program files (x86)\microsoft visual studio 10.0\vc\include\cstdio(53): error C2059: 语法错误:“;”
     1>c:\program files (x86)\microsoft visual studio 10.0\vc\include\cstdio(53): error C2061: 语法错误: 标识符“tmpfile”
     1>c:\program files (x86)\microsoft visual studio 10.0\vc\include\cstdio(53): error C2059: 语法错误:“;”
     1>c:\program files (x86)\microsoft visual studio 10.0\vc\include\cstdio(53): error C2061: 语法错误: 标识符“tmpnam”
     1>c:\program files (x86)\microsoft visual studio 10.0\vc\include\cstdio(53): error C2059: 语法错误:“;”
     1>c:\program files (x86)\microsoft visual studio 10.0\vc\include\cstdio(54): error C2061: 语法错误: 标识符“ungetc”
     1>c:\program files (x86)\microsoft visual studio 10.0\vc\include\cstdio(54): error C2059: 语法错误:“;”
     1>c:\program files (x86)\microsoft visual studio 10.0\vc\include\cstdio(54): error C2061: 语法错误: 标识符“vfprintf”
     1>c:\program files (x86)\microsoft visual studio 10.0\vc\include\cstdio(54): error C2059: 语法错误:“;”
     1>c:\program files (x86)\microsoft visual studio 10.0\vc\include\cstdio(54): error C2061: 语法错误: 标识符“vprintf”
     1>c:\program files (x86)\microsoft visual studio 10.0\vc\include\cstdio(54): error C2059: 语法错误:“;”
     1>c:\program files (x86)\microsoft visual studio 10.0\vc\include\cstdio(55): error C2061: 语法错误: 标识符“vsprintf”
     1>c:\program files (x86)\microsoft visual studio 10.0\vc\include\cstdio(55): error C2059: 语法错误:“;”
     1>已完成生成项目“D:\桌面\c++\2023.8.15（1)\2023.8.15（1)\2023.8.15（1).vcxproj”(build 个目标)的操作 - 失败。

生成失败。

已用时间 00:00:00.10
