生成启动时间为 2023/8/29 17:42:49。
     1>项目“D:\桌面\c++\2023.8.29（1）\2023.8.29（1）\2023.8.29（1）.vcxproj”在节点 2 上(build 个目标)。
     1>InitializeBuildStatus:
         正在创建“Debug\2023.8.29（1）.unsuccessfulbuild”，因为已指定“AlwaysCreate”。
       ClCompile:
         C:\Program Files (x86)\Microsoft Visual Studio 10.0\VC\bin\CL.exe /c /ZI /nologo /W3 /WX- /Od /Oy- /D _UNICODE /D UNICODE /Gm /EHsc /RTC1 /MDd /GS /fp:precise /Zc:wchar_t /Zc:forScope /Fo"Debug\\" /Fd"Debug\vc100.pdb" /Gd /TC /analyze- /errorReport:prompt kzsyx.c
         kzsyx.c
     1>d:\桌面\c++\2023.8.29（1）\2023.8.29（1）\kzsyx.c(10): warning C4018: “<”: 有符号/无符号不匹配
     1>d:\桌面\c++\2023.8.29（1）\2023.8.29（1）\kzsyx.c(29): warning C4996: 'scanf': This function or variable may be unsafe. Consider using scanf_s instead. To disable deprecation, use _CRT_SECURE_NO_WARNINGS. See online help for details.
                 c:\program files (x86)\microsoft visual studio 10.0\vc\include\stdio.h(304) : 参见“scanf”的声明
     1>d:\桌面\c++\2023.8.29（1）\2023.8.29（1）\kzsyx.c(35): warning C4018: “<”: 有符号/无符号不匹配
       Link:
         C:\Program Files (x86)\Microsoft Visual Studio 10.0\VC\bin\link.exe /ERRORREPORT:PROMPT /OUT:"D:\桌面\c++\2023.8.29（1）\Debug\2023.8.29（1）.exe" /NOLOGO kernel32.lib user32.lib gdi32.lib winspool.lib comdlg32.lib advapi32.lib shell32.lib ole32.lib oleaut32.lib uuid.lib odbc32.lib odbccp32.lib /MANIFEST /ManifestFile:"Debug\2023.8.29（1）.exe.intermediate.manifest" /MANIFESTUAC:"level='asInvoker' uiAccess='false'" /DEBUG /PDB:"D:\桌面\c++\2023.8.29（1）\Debug\2023.8.29（1）.pdb" /TLBID:1 /DYNAMICBASE /NXCOMPAT /IMPLIB:"D:\桌面\c++\2023.8.29（1）\Debug\2023.8.29（1）.lib" /MACHINE:X86 Debug\kzsyx.obj
         LINK : 没有找到 D:\桌面\c++\2023.8.29（1）\Debug\2023.8.29（1）.exe 或上一个增量链接没有生成它；正在执行完全链接
         2023.8.29（1）.vcxproj -> D:\桌面\c++\2023.8.29（1）\Debug\2023.8.29（1）.exe
       Manifest:
         C:\Program Files (x86)\Microsoft SDKs\Windows\v7.0A\bin\mt.exe /nologo /verbose /outputresource:"D:\桌面\c++\2023.8.29（1）\Debug\2023.8.29（1）.exe;#1" /manifest "Debug\2023.8.29（1）.exe.intermediate.manifest"
       FinalizeBuildStatus:
         正在删除文件“Debug\2023.8.29（1）.unsuccessfulbuild”。
         正在对“Debug\2023.8.29（1）.lastbuildstate”执行 Touch 任务。
     1>已完成生成项目“D:\桌面\c++\2023.8.29（1）\2023.8.29（1）\2023.8.29（1）.vcxproj”(build 个目标)的操作。

生成成功。

已用时间 00:00:00.26
